<?xml version="1.0" encoding="UTF-8"?>
<!-- Generated by org.testng.reporters.JUnitReportReporter -->
<testsuite hostname="MS" failures="0" tests="2" name="Mercury_Tour_Operation_Execution.Mercury_Operation_FDP" time="4.272" errors="0" timestamp="2023-02-21T11:21:38 EST" skipped="0">
  <testcase classname="Mercury_Tour_Operation_Execution.Mercury_Operation_FDP" name="registertoMercury" time="1.768"/>
  <system-out/>
  <testcase classname="Mercury_Tour_Operation_Execution.Mercury_Operation_FDP" name="selectflights" time="2.504"/>
  <system-out/>
</testsuite> <!-- Mercury_Tour_Operation_Execution.Mercury_Operation_FDP -->
