<?xml version="1.0" encoding="UTF-8"?>
<!-- Generated by org.testng.reporters.JUnitReportReporter -->
<testsuite hostname="MS" failures="0" tests="1" name="POM_V1.RegistrationPage_OperationsPage" time="1.788" errors="0" timestamp="2023-02-19T17:23:04 EST" skipped="0">
  <testcase classname="POM_V1.RegistrationPage_OperationsPage" name="datainput" time="1.788"/>
  <system-out/>
</testsuite> <!-- POM_V1.RegistrationPage_OperationsPage -->
