<?xml version="1.0" encoding="UTF-8"?>
<!-- Generated by org.testng.reporters.JUnitReportReporter -->
<testsuite hostname="MS" failures="0" tests="1" name="Page_Factory_Model.Mercury_Operation_FDP" time="1.556" errors="0" timestamp="2023-02-19T20:45:35 EST" skipped="0">
  <testcase classname="Page_Factory_Model.Mercury_Operation_FDP" name="registertoMercury" time="1.556"/>
  <system-out/>
</testsuite> <!-- Page_Factory_Model.Mercury_Operation_FDP -->
