<?xml version="1.0" encoding="UTF-8"?>
<!-- Generated by org.testng.reporters.JUnitReportReporter -->
<testsuite hostname="MS" failures="0" tests="1" name="Page_Object_Model_DesignPattern.RegistrationPage_OperationsPage" time="1.546" errors="0" timestamp="2023-02-20T21:29:41 EST" skipped="0">
  <testcase classname="Page_Object_Model_DesignPattern.RegistrationPage_OperationsPage" name="datainput" time="1.546"/>
  <system-out/>
</testsuite> <!-- Page_Object_Model_DesignPattern.RegistrationPage_OperationsPage -->
